\BOOKMARK [0][-]{chapter.1}{Introduction}{}% 1
\BOOKMARK [0][-]{chapter.2}{First Steps}{}% 2
\BOOKMARK [1][-]{section.2.1}{Projects}{chapter.2}% 3
\BOOKMARK [1][-]{section.2.2}{Symbol Groups}{chapter.2}% 4
\BOOKMARK [1][-]{section.2.3}{Symbols}{chapter.2}% 5
\BOOKMARK [0][-]{chapter.3}{Actions}{}% 6
\BOOKMARK [1][-]{section.3.1}{Web Actions}{chapter.3}% 7
\BOOKMARK [2][-]{subsection.3.1.1}{HTML Element Picker}{section.3.1}% 8
\BOOKMARK [1][-]{section.3.2}{REST Actions}{chapter.3}% 9
\BOOKMARK [1][-]{section.3.3}{General Actions}{chapter.3}% 10
\BOOKMARK [0][-]{chapter.4}{Advanced Symbol Management}{}% 11
\BOOKMARK [1][-]{section.4.1}{Recovering Symbols}{chapter.4}% 12
\BOOKMARK [1][-]{section.4.2}{Import and Export}{chapter.4}% 13
\BOOKMARK [1][-]{section.4.3}{Revision Handling}{chapter.4}% 14
\BOOKMARK [0][-]{chapter.5}{Modeling Learning Experiments}{}% 15
\BOOKMARK [1][-]{section.5.1}{Configuring an Experiment}{chapter.5}% 16
\BOOKMARK [1][-]{section.5.2}{Intermediate Results}{chapter.5}% 17
\BOOKMARK [1][-]{section.5.3}{Counterexample Handling}{chapter.5}% 18
\BOOKMARK [0][-]{chapter.6}{Learning Result Analysis}{}% 19
\BOOKMARK [1][-]{section.6.1}{Statistics}{chapter.6}% 20
\BOOKMARK [1][-]{section.6.2}{Compare Results}{chapter.6}% 21
